<?xml version="1.0" encoding="UTF-8"?>
<coverage generated="1751141154120" clover="3.2.0">
  <project timestamp="1751141154120" name="All files">
    <metrics statements="19" coveredstatements="19" conditionals="6" coveredconditionals="6" methods="6" coveredmethods="6" elements="31" coveredelements="31" complexity="0" loc="19" ncloc="19" packages="5" files="10" classes="10"/>
    <package name="src">
      <metrics statements="5" coveredstatements="5" conditionals="0" coveredconditionals="0" methods="1" coveredmethods="1"/>
      <file name="App.tsx" path="/Users/adrianbartholomew/sites/qrcode/qrcode-generator/src/App.tsx">
        <metrics statements="4" coveredstatements="4" conditionals="0" coveredconditionals="0" methods="1" coveredmethods="1"/>
        <line num="13" count="2" type="stmt"/>
        <line num="14" count="4" type="stmt"/>
        <line num="15" count="4" type="stmt"/>
        <line num="26" count="4" type="stmt"/>
      </file>
      <file name="main.tsx" path="/Users/adrianbartholomew/sites/qrcode/qrcode-generator/src/main.tsx">
        <metrics statements="1" coveredstatements="1" conditionals="0" coveredconditionals="0" methods="0" coveredmethods="0"/>
        <line num="7" count="1" type="stmt"/>
      </file>
    </package>
    <package name="src.components.AppInput">
      <metrics statements="6" coveredstatements="6" conditionals="2" coveredconditionals="2" methods="2" coveredmethods="2"/>
      <file name="AppInput.tsx" path="/Users/adrianbartholomew/sites/qrcode/qrcode-generator/src/components/AppInput/AppInput.tsx">
        <metrics statements="6" coveredstatements="6" conditionals="2" coveredconditionals="2" methods="2" coveredmethods="2"/>
        <line num="10" count="2" type="stmt"/>
        <line num="11" count="7" type="stmt"/>
        <line num="12" count="4" type="stmt"/>
        <line num="15" count="4" type="cond" truecount="2" falsecount="0"/>
        <line num="16" count="2" type="stmt"/>
        <line num="19" count="7" type="stmt"/>
      </file>
      <file name="index.ts" path="/Users/adrianbartholomew/sites/qrcode/qrcode-generator/src/components/AppInput/index.ts">
        <metrics statements="0" coveredstatements="0" conditionals="0" coveredconditionals="0" methods="0" coveredmethods="0"/>
      </file>
    </package>
    <package name="src.containers.Header">
      <metrics statements="2" coveredstatements="2" conditionals="0" coveredconditionals="0" methods="1" coveredmethods="1"/>
      <file name="Header.tsx" path="/Users/adrianbartholomew/sites/qrcode/qrcode-generator/src/containers/Header/Header.tsx">
        <metrics statements="2" coveredstatements="2" conditionals="0" coveredconditionals="0" methods="1" coveredmethods="1"/>
        <line num="4" count="2" type="stmt"/>
        <line num="5" count="2" type="stmt"/>
      </file>
      <file name="index.ts" path="/Users/adrianbartholomew/sites/qrcode/qrcode-generator/src/containers/Header/index.ts">
        <metrics statements="0" coveredstatements="0" conditionals="0" coveredconditionals="0" methods="0" coveredmethods="0"/>
      </file>
    </package>
    <package name="src.containers.Logos">
      <metrics statements="2" coveredstatements="2" conditionals="0" coveredconditionals="0" methods="1" coveredmethods="1"/>
      <file name="Logos.tsx" path="/Users/adrianbartholomew/sites/qrcode/qrcode-generator/src/containers/Logos/Logos.tsx">
        <metrics statements="2" coveredstatements="2" conditionals="0" coveredconditionals="0" methods="1" coveredmethods="1"/>
        <line num="6" count="2" type="stmt"/>
        <line num="7" count="3" type="stmt"/>
      </file>
      <file name="index.ts" path="/Users/adrianbartholomew/sites/qrcode/qrcode-generator/src/containers/Logos/index.ts">
        <metrics statements="0" coveredstatements="0" conditionals="0" coveredconditionals="0" methods="0" coveredmethods="0"/>
      </file>
    </package>
    <package name="src.containers.QRCode">
      <metrics statements="4" coveredstatements="4" conditionals="4" coveredconditionals="4" methods="1" coveredmethods="1"/>
      <file name="QRCode.tsx" path="/Users/adrianbartholomew/sites/qrcode/qrcode-generator/src/containers/QRCode/QRCode.tsx">
        <metrics statements="4" coveredstatements="4" conditionals="4" coveredconditionals="4" methods="1" coveredmethods="1"/>
        <line num="9" count="2" type="stmt"/>
        <line num="31" count="2" type="stmt"/>
        <line num="32" count="6" type="stmt"/>
        <line num="33" count="6" type="stmt"/>
      </file>
      <file name="index.ts" path="/Users/adrianbartholomew/sites/qrcode/qrcode-generator/src/containers/QRCode/index.ts">
        <metrics statements="0" coveredstatements="0" conditionals="0" coveredconditionals="0" methods="0" coveredmethods="0"/>
      </file>
    </package>
  </project>
</coverage>
