<?xml version="1.0" encoding="UTF-8"?>
<coverage generated="1751133140424" clover="3.2.0">
  <project timestamp="1751133140424" name="All files">
    <metrics statements="6" coveredstatements="6" conditionals="2" coveredconditionals="2" methods="2" coveredmethods="2" elements="10" coveredelements="10" complexity="0" loc="6" ncloc="6" packages="1" files="1" classes="1"/>
    <file name="AppInput.tsx" path="/Users/adrianbartholomew/sites/qrcode/qrcode-generator/src/components/AppInput/AppInput.tsx">
      <metrics statements="6" coveredstatements="6" conditionals="2" coveredconditionals="2" methods="2" coveredmethods="2"/>
      <line num="10" count="1" type="stmt"/>
      <line num="11" count="7" type="stmt"/>
      <line num="12" count="4" type="stmt"/>
      <line num="15" count="4" type="cond" truecount="2" falsecount="0"/>
      <line num="16" count="2" type="stmt"/>
      <line num="19" count="7" type="stmt"/>
    </file>
  </project>
</coverage>
