{"/Users/adrianbartholomew/sites/qrcode/qrcode-generator/src/components/AppInput/AppInput.tsx": {"path":"/Users/adrianbartholomew/sites/qrcode/qrcode-generator/src/components/AppInput/AppInput.tsx","statementMap":{"0":{"start":{"line":10,"column":42},"end":{"line":30,"column":1}},"1":{"start":{"line":11,"column":23},"end":{"line":16,"column":3}},"2":{"start":{"line":12,"column":33},"end":{"line":14,"column":33}},"3":{"start":{"line":15,"column":4},"end":{"line":15,"column":43}},"4":{"start":{"line":18,"column":2},"end":{"line":29,"column":4}}},"fnMap":{"0":{"name":"(anonymous_0)","decl":{"start":{"line":10,"column":42},"end":{"line":10,"column":43}},"loc":{"start":{"line":10,"column":73},"end":{"line":30,"column":1}},"line":10},"1":{"name":"(anonymous_1)","decl":{"start":{"line":11,"column":23},"end":{"line":11,"column":24}},"loc":{"start":{"line":11,"column":55},"end":{"line":16,"column":3}},"line":11}},"branchMap":{},"s":{"0":1,"1":5,"2":2,"3":2,"4":5},"f":{"0":5,"1":2},"b":{},"_coverageSchema":"1a1c01bbd47fc00a2c39e90264f33305004495a9","hash":"ad1e749327f2be8c30416b651fcb62669e4d801d"}
}
