{"/Users/adrianbartholomew/sites/qrcode/qrcode-generator/src/App.tsx": {"path":"/Users/adrianbartholomew/sites/qrcode/qrcode-generator/src/App.tsx","statementMap":{"0":{"start":{"line":13,"column":16},"end":{"line":34,"column":1}},"1":{"start":{"line":14,"column":34},"end":{"line":14,"column":46}},"2":{"start":{"line":15,"column":30},"end":{"line":24,"column":3}},"3":{"start":{"line":26,"column":2},"end":{"line":33,"column":4}}},"fnMap":{"0":{"name":"(anonymous_0)","decl":{"start":{"line":13,"column":16},"end":{"line":13,"column":17}},"loc":{"start":{"line":13,"column":22},"end":{"line":34,"column":1}},"line":13}},"branchMap":{},"s":{"0":2,"1":4,"2":4,"3":4},"f":{"0":4},"b":{},"_coverageSchema":"1a1c01bbd47fc00a2c39e90264f33305004495a9","hash":"d3009a979805d3f8948e210fad4ae3e40e340d31"}
,"/Users/adrianbartholomew/sites/qrcode/qrcode-generator/src/main.tsx": {"path":"/Users/adrianbartholomew/sites/qrcode/qrcode-generator/src/main.tsx","statementMap":{"0":{"start":{"line":7,"column":0},"end":{"line":11,"column":2}}},"fnMap":{},"branchMap":{},"s":{"0":1},"f":{},"b":{},"_coverageSchema":"1a1c01bbd47fc00a2c39e90264f33305004495a9","hash":"b1a2e4ebfeeac6a79f4176e196a66775abf9d210"}
,"/Users/adrianbartholomew/sites/qrcode/qrcode-generator/src/components/AppInput/AppInput.tsx": {"path":"/Users/adrianbartholomew/sites/qrcode/qrcode-generator/src/components/AppInput/AppInput.tsx","statementMap":{"0":{"start":{"line":10,"column":42},"end":{"line":31,"column":1}},"1":{"start":{"line":11,"column":23},"end":{"line":17,"column":3}},"2":{"start":{"line":12,"column":33},"end":{"line":14,"column":33}},"3":{"start":{"line":15,"column":4},"end":{"line":16,"column":25}},"4":{"start":{"line":15,"column":22},"end":{"line":15,"column":61}},"5":{"start":{"line":16,"column":9},"end":{"line":16,"column":25}},"6":{"start":{"line":19,"column":2},"end":{"line":30,"column":4}}},"fnMap":{"0":{"name":"(anonymous_0)","decl":{"start":{"line":10,"column":42},"end":{"line":10,"column":43}},"loc":{"start":{"line":10,"column":73},"end":{"line":31,"column":1}},"line":10},"1":{"name":"(anonymous_1)","decl":{"start":{"line":11,"column":23},"end":{"line":11,"column":24}},"loc":{"start":{"line":11,"column":55},"end":{"line":17,"column":3}},"line":11}},"branchMap":{"0":{"loc":{"start":{"line":15,"column":4},"end":{"line":16,"column":25}},"type":"if","locations":[{"start":{"line":15,"column":4},"end":{"line":16,"column":25}},{"start":{"line":16,"column":9},"end":{"line":16,"column":25}}],"line":15}},"s":{"0":2,"1":7,"2":4,"3":4,"4":2,"5":2,"6":7},"f":{"0":7,"1":4},"b":{"0":[2,2]},"_coverageSchema":"1a1c01bbd47fc00a2c39e90264f33305004495a9","hash":"a809b7bdba5d317bc01a97948528b58154b5e4a9"}
,"/Users/adrianbartholomew/sites/qrcode/qrcode-generator/src/components/AppInput/index.ts": {"path":"/Users/adrianbartholomew/sites/qrcode/qrcode-generator/src/components/AppInput/index.ts","statementMap":{},"fnMap":{},"branchMap":{},"s":{},"f":{},"b":{},"_coverageSchema":"1a1c01bbd47fc00a2c39e90264f33305004495a9","hash":"9bbc9bf50f2bdae0ef02509ccb2c3bdcc3451f16"}
,"/Users/adrianbartholomew/sites/qrcode/qrcode-generator/src/containers/Header/Header.tsx": {"path":"/Users/adrianbartholomew/sites/qrcode/qrcode-generator/src/containers/Header/Header.tsx","statementMap":{"0":{"start":{"line":4,"column":19},"end":{"line":8,"column":1}},"1":{"start":{"line":5,"column":2},"end":{"line":7,"column":11}}},"fnMap":{"0":{"name":"(anonymous_0)","decl":{"start":{"line":4,"column":19},"end":{"line":4,"column":20}},"loc":{"start":{"line":5,"column":2},"end":{"line":7,"column":11}},"line":5}},"branchMap":{},"s":{"0":2,"1":2},"f":{"0":2},"b":{},"_coverageSchema":"1a1c01bbd47fc00a2c39e90264f33305004495a9","hash":"3bb464d6a73e0464a3c6b24c6f2b661ed1c2424b"}
,"/Users/adrianbartholomew/sites/qrcode/qrcode-generator/src/containers/Header/index.ts": {"path":"/Users/adrianbartholomew/sites/qrcode/qrcode-generator/src/containers/Header/index.ts","statementMap":{},"fnMap":{},"branchMap":{},"s":{},"f":{},"b":{},"_coverageSchema":"1a1c01bbd47fc00a2c39e90264f33305004495a9","hash":"b98b662b10002576367be54f10ced713685d3e4e"}
,"/Users/adrianbartholomew/sites/qrcode/qrcode-generator/src/containers/Logos/Logos.tsx": {"path":"/Users/adrianbartholomew/sites/qrcode/qrcode-generator/src/containers/Logos/Logos.tsx","statementMap":{"0":{"start":{"line":6,"column":18},"end":{"line":12,"column":1}},"1":{"start":{"line":7,"column":2},"end":{"line":11,"column":8}}},"fnMap":{"0":{"name":"(anonymous_0)","decl":{"start":{"line":6,"column":18},"end":{"line":6,"column":19}},"loc":{"start":{"line":7,"column":2},"end":{"line":11,"column":8}},"line":7}},"branchMap":{},"s":{"0":2,"1":3},"f":{"0":3},"b":{},"_coverageSchema":"1a1c01bbd47fc00a2c39e90264f33305004495a9","hash":"af592ce4720f840e24f7af7a0b89340f9752ccba"}
,"/Users/adrianbartholomew/sites/qrcode/qrcode-generator/src/containers/Logos/index.ts": {"path":"/Users/adrianbartholomew/sites/qrcode/qrcode-generator/src/containers/Logos/index.ts","statementMap":{},"fnMap":{},"branchMap":{},"s":{},"f":{},"b":{},"_coverageSchema":"1a1c01bbd47fc00a2c39e90264f33305004495a9","hash":"9941b55ce273369dc02dfdc5d0b41cc9ad1abfa1"}
,"/Users/adrianbartholomew/sites/qrcode/qrcode-generator/src/containers/QRCode/QRCode.tsx": {"path":"/Users/adrianbartholomew/sites/qrcode/qrcode-generator/src/containers/QRCode/QRCode.tsx","statementMap":{"0":{"start":{"line":9,"column":34},"end":{"line":29,"column":1}},"1":{"start":{"line":31,"column":32},"end":{"line":44,"column":1}},"2":{"start":{"line":32,"column":29},"end":{"line":32,"column":57}},"3":{"start":{"line":33,"column":2},"end":{"line":43,"column":4}}},"fnMap":{"0":{"name":"(anonymous_0)","decl":{"start":{"line":31,"column":32},"end":{"line":31,"column":33}},"loc":{"start":{"line":31,"column":49},"end":{"line":44,"column":1}},"line":31}},"branchMap":{"0":{"loc":{"start":{"line":34,"column":34},"end":{"line":34,"column":62}},"type":"binary-expr","locations":[{"start":{"line":34,"column":34},"end":{"line":34,"column":46}},{"start":{"line":34,"column":50},"end":{"line":34,"column":62}}],"line":34},"1":{"loc":{"start":{"line":35,"column":7},"end":{"line":41,"column":7}},"type":"cond-expr","locations":[{"start":{"line":36,"column":8},"end":{"line":36,"column":32}},{"start":{"line":38,"column":8},"end":{"line":40,"column":14}}],"line":35}},"s":{"0":2,"1":2,"2":6,"3":6},"f":{"0":6},"b":{"0":[6,3],"1":[3,3]},"_coverageSchema":"1a1c01bbd47fc00a2c39e90264f33305004495a9","hash":"49f563c1c5f5404004cc6b0e21851c6c58e1b393"}
,"/Users/adrianbartholomew/sites/qrcode/qrcode-generator/src/containers/QRCode/index.ts": {"path":"/Users/adrianbartholomew/sites/qrcode/qrcode-generator/src/containers/QRCode/index.ts","statementMap":{},"fnMap":{},"branchMap":{},"s":{},"f":{},"b":{},"_coverageSchema":"1a1c01bbd47fc00a2c39e90264f33305004495a9","hash":"d9559563c270cf6ca82cb0caf480b148d3bdba82"}
}
